# JRE version: OpenJDK Runtime Environment (8.0_76-b03) (build 1.8.0_76-release-b03)
# Java VM: OpenJDK 64-Bit Server VM (25.76-b03 mixed mode windows-amd64 compressed oops)
Heap:
 PSYoungGen      total 451072K, used 374454K [0x00000000e0000000, 0x0000000100000000, 0x0000000100000000)
  eden space 400384K, 93% used [0x00000000e0000000,0x00000000f6dad878,0x00000000f8700000)
  from space 50688K, 0% used [0x00000000f8700000,0x00000000f8700000,0x00000000fb880000)
  to   space 49664K, 0% used [0x00000000fcf80000,0x00000000fcf80000,0x0000000100000000)
 ParOldGen       total 135168K, used 65030K [0x00000000a0000000, 0x00000000a8400000, 0x00000000e0000000)
  object space 135168K, 48% used [0x00000000a0000000,0x00000000a3f81948,0x00000000a8400000)
 Metaspace       used 75961K, capacity 82062K, committed 82864K, reserved 1122304K
  class space    used 9758K, capacity 10665K, committed 10928K, reserved 1048576K
GC Heap History (10 events):
Event: 5228.638 GC heap before
{Heap before GC invocations=72 (full 15):
 PSYoungGen      total 450048K, used 244513K [0x00000000e0000000, 0x00000000fde00000, 0x0000000100000000)
  eden space 414720K, 58% used [0x00000000e0000000,0x00000000eeec87a0,0x00000000f9500000)
  from space 35328K, 0% used [0x00000000fbb80000,0x00000000fbb80000,0x00000000fde00000)
  to   space 37376K, 0% used [0x00000000f9500000,0x00000000f9500000,0x00000000fb980000)
 ParOldGen       total 135168K, used 66539K [0x00000000a0000000, 0x00000000a8400000, 0x00000000e0000000)
  object space 135168K, 49% used [0x00000000a0000000,0x00000000a40fade8,0x00000000a8400000)
 Metaspace       used 76247K, capacity 82260K, committed 82608K, reserved 1120256K
  class space    used 9826K, capacity 10780K, committed 10928K, reserved 1048576K
Event: 5228.692 GC heap after
Heap after GC invocations=72 (full 15):
 PSYoungGen      total 416768K, used 1872K [0x00000000e0000000, 0x00000000fdc00000, 0x0000000100000000)
  eden space 414720K, 0% used [0x00000000e0000000,0x00000000e0000000,0x00000000f9500000)
  from space 2048K, 91% used [0x00000000f9500000,0x00000000f96d4010,0x00000000f9700000)
  to   space 36352K, 0% used [0x00000000fb880000,0x00000000fb880000,0x00000000fdc00000)
 ParOldGen       total 135168K, used 66547K [0x00000000a0000000, 0x00000000a8400000, 0x00000000e0000000)
  object space 135168K, 49% used [0x00000000a0000000,0x00000000a40fcde8,0x00000000a8400000)
 Metaspace       used 76247K, capacity 82260K, committed 82608K, reserved 1120256K
  class space    used 9826K, capacity 10780K, committed 10928K, reserved 1048576K
}
Event: 5228.692 GC heap before
{Heap before GC invocations=73 (full 16):
 PSYoungGen      total 416768K, used 1872K [0x00000000e0000000, 0x00000000fdc00000, 0x0000000100000000)
  eden space 414720K, 0% used [0x00000000e0000000,0x00000000e0000000,0x00000000f9500000)
  from space 2048K, 91% used [0x00000000f9500000,0x00000000f96d4010,0x00000000f9700000)
  to   space 36352K, 0% used [0x00000000fb880000,0x00000000fb880000,0x00000000fdc00000)
 ParOldGen       total 135168K, used 66547K [0x00000000a0000000, 0x00000000a8400000, 0x00000000e0000000)
  object space 135168K, 49% used [0x00000000a0000000,0x00000000a40fcde8,0x00000000a8400000)
 Metaspace       used 76247K, capacity 82260K, committed 82608K, reserved 1120256K
  class space    used 9826K, capacity 10780K, committed 10928K, reserved 1048576K
Event: 5229.807 GC heap after
Heap after GC invocations=73 (full 16):
 PSYoungGen      total 416768K, used 0K [0x00000000e0000000, 0x00000000fdc00000, 0x0000000100000000)
  eden space 414720K, 0% used [0x00000000e0000000,0x00000000e0000000,0x00000000f9500000)
  from space 2048K, 0% used [0x00000000f9500000,0x00000000f9500000,0x00000000f9700000)
  to   space 36352K, 0% used [0x00000000fb880000,0x00000000fb880000,0x00000000fdc00000)
 ParOldGen       total 135168K, used 66713K [0x00000000a0000000, 0x00000000a8400000, 0x00000000e0000000)
  object space 135168K, 49% used [0x00000000a0000000,0x00000000a41266c8,0x00000000a8400000)
 Metaspace       used 76247K, capacity 82260K, committed 82608K, reserved 1120256K
  class space    used 9826K, capacity 10780K, committed 10928K, reserved 1048576K
}
Event: 5451.852 GC heap before
{Heap before GC invocations=74 (full 16):
 PSYoungGen      total 416768K, used 411528K [0x00000000e0000000, 0x00000000fdc00000, 0x0000000100000000)
  eden space 414720K, 99% used [0x00000000e0000000,0x00000000f91e2138,0x00000000f9500000)
  from space 2048K, 0% used [0x00000000f9500000,0x00000000f9500000,0x00000000f9700000)
  to   space 36352K, 0% used [0x00000000fb880000,0x00000000fb880000,0x00000000fdc00000)
 ParOldGen       total 135168K, used 66713K [0x00000000a0000000, 0x00000000a8400000, 0x00000000e0000000)
  object space 135168K, 49% used [0x00000000a0000000,0x00000000a41266c8,0x00000000a8400000)
 Metaspace       used 76347K, capacity 82586K, committed 82864K, reserved 1122304K
  class space    used 9838K, capacity 10795K, committed 10928K, reserved 1048576K
Event: 5452.109 GC heap after
Heap after GC invocations=74 (full 16):
 PSYoungGen      total 436736K, used 36327K [0x00000000e0000000, 0x0000000100000000, 0x0000000100000000)
  eden space 400384K, 0% used [0x00000000e0000000,0x00000000e0000000,0x00000000f8700000)
  from space 36352K, 99% used [0x00000000fb880000,0x00000000fdbf9fd0,0x00000000fdc00000)
  to   space 50688K, 0% used [0x00000000f8700000,0x00000000f8700000,0x00000000fb880000)
 ParOldGen       total 135168K, used 86715K [0x00000000a0000000, 0x00000000a8400000, 0x00000000e0000000)
  object space 135168K, 64% used [0x00000000a0000000,0x00000000a54aed48,0x00000000a8400000)
 Metaspace       used 76347K, capacity 82586K, committed 82864K, reserved 1122304K
  class space    used 9838K, capacity 10795K, committed 10928K, reserved 1048576K
}
Event: 5453.373 GC heap before
{Heap before GC invocations=75 (full 16):
 PSYoungGen      total 436736K, used 169703K [0x00000000e0000000, 0x0000000100000000, 0x0000000100000000)
  eden space 400384K, 33% used [0x00000000e0000000,0x00000000e823fda8,0x00000000f8700000)
  from space 36352K, 99% used [0x00000000fb880000,0x00000000fdbf9fd0,0x00000000fdc00000)
  to   space 50688K, 0% used [0x00000000f8700000,0x00000000f8700000,0x00000000fb880000)
 ParOldGen       total 135168K, used 86715K [0x00000000a0000000, 0x00000000a8400000, 0x00000000e0000000)
  object space 135168K, 64% used [0x00000000a0000000,0x00000000a54aed48,0x00000000a8400000)
 Metaspace       used 76357K, capacity 82586K, committed 82864K, reserved 1122304K
  class space    used 9838K, capacity 10795K, committed 10928K, reserved 1048576K
Event: 5453.386 GC heap after
Heap after GC invocations=75 (full 16):
 PSYoungGen      total 451072K, used 927K [0x00000000e0000000, 0x0000000100000000, 0x0000000100000000)
  eden space 400384K, 0% used [0x00000000e0000000,0x00000000e0000000,0x00000000f8700000)
  from space 50688K, 1% used [0x00000000f8700000,0x00000000f87e7cd8,0x00000000fb880000)
  to   space 49664K, 0% used [0x00000000fcf80000,0x00000000fcf80000,0x0000000100000000)
 ParOldGen       total 135168K, used 86723K [0x00000000a0000000, 0x00000000a8400000, 0x00000000e0000000)
  object space 135168K, 64% used [0x00000000a0000000,0x00000000a54b0d48,0x00000000a8400000)
 Metaspace       used 76357K, capacity 82586K, committed 82864K, reserved 1122304K
  class space    used 9838K, capacity 10795K, committed 10928K, reserved 1048576K
}
Event: 5453.386 GC heap before
{Heap before GC invocations=76 (full 17):
 PSYoungGen      total 451072K, used 927K [0x00000000e0000000, 0x0000000100000000, 0x0000000100000000)
  eden space 400384K, 0% used [0x00000000e0000000,0x00000000e0000000,0x00000000f8700000)
  from space 50688K, 1% used [0x00000000f8700000,0x00000000f87e7cd8,0x00000000fb880000)
  to   space 49664K, 0% used [0x00000000fcf80000,0x00000000fcf80000,0x0000000100000000)
 ParOldGen       total 135168K, used 86723K [0x00000000a0000000, 0x00000000a8400000, 0x00000000e0000000)
  object space 135168K, 64% used [0x00000000a0000000,0x00000000a54b0d48,0x00000000a8400000)
 Metaspace       used 76357K, capacity 82586K, committed 82864K, reserved 1122304K
  class space    used 9838K, capacity 10795K, committed 10928K, reserved 1048576K
Event: 5454.821 GC heap after
Heap after GC invocations=76 (full 17):
 PSYoungGen      total 451072K, used 0K [0x00000000e0000000, 0x0000000100000000, 0x0000000100000000)
  eden space 400384K, 0% used [0x00000000e0000000,0x00000000e0000000,0x00000000f8700000)
  from space 50688K, 0% used [0x00000000f8700000,0x00000000f8700000,0x00000000fb880000)
  to   space 49664K, 0% used [0x00000000fcf80000,0x00000000fcf80000,0x0000000100000000)
 ParOldGen       total 135168K, used 65030K [0x00000000a0000000, 0x00000000a8400000, 0x00000000e0000000)
  object space 135168K, 48% used [0x00000000a0000000,0x00000000a3f81948,0x00000000a8400000)
 Metaspace       used 75650K, capacity 81638K, committed 82864K, reserved 1122304K
  class space    used 9706K, capacity 10609K, committed 10928K, reserved 1048576K
}

